[debug] [2022-04-07T22:05:24.740Z] ----------------------------------------------------------------------
[debug] [2022-04-07T22:05:24.742Z] Command:       /home/steve/.nvm/versions/node/v16.13.0/bin/node /home/steve/code/grammerhub/goatpad/node_modules/.bin/firebase init hosting:github
[debug] [2022-04-07T22:05:24.743Z] CLI Version:   10.6.0
[debug] [2022-04-07T22:05:24.743Z] Platform:      linux
[debug] [2022-04-07T22:05:24.743Z] Node Version:  v16.13.0
[debug] [2022-04-07T22:05:24.744Z] Time:          Thu Apr 07 2022 18:05:24 GMT-0400 (Eastern Daylight Time)
[debug] [2022-04-07T22:05:24.744Z] ----------------------------------------------------------------------
[debug] 
[debug] [2022-04-07T22:05:24.835Z] > command requires scopes: ["email","openid","https://www.googleapis.com/auth/cloudplatformprojects.readonly","https://www.googleapis.com/auth/firebase","https://www.googleapis.com/auth/cloud-platform"]
[debug] [2022-04-07T22:05:24.836Z] > authorizing via signed-in user (stevesmodish@gmail.com)
[info] 
     ######## #### ########  ######## ########     ###     ######  ########
     ##        ##  ##     ## ##       ##     ##  ##   ##  ##       ##
     ######    ##  ########  ######   ########  #########  ######  ######
     ##        ##  ##    ##  ##       ##     ## ##     ##       ## ##
     ##       #### ##     ## ######## ########  ##     ##  ######  ########

You're about to initialize a Firebase project in this directory:

  /home/steve/code/grammerhub/goatpad

Before we get started, keep in mind:

  * You are initializing within an existing Firebase project directory

[info] 
=== Project Setup
[info] 
[info] First, let's associate this project directory with a Firebase project.
[info] You can create multiple project aliases by running firebase use --add, 
[info] but for now we'll just set up a default project.
[info] 
[debug] [2022-04-07T22:05:24.840Z] Using project from CLI flag: goat-pad
[debug] [2022-04-07T22:05:24.842Z] >>> [apiv2][query] GET https://firebase.googleapis.com/v1beta1/projects/goat-pad [none]
[debug] [2022-04-07T22:05:25.157Z] <<< [apiv2][status] GET https://firebase.googleapis.com/v1beta1/projects/goat-pad 200
[debug] [2022-04-07T22:05:25.157Z] <<< [apiv2][body] GET https://firebase.googleapis.com/v1beta1/projects/goat-pad {"projectId":"goat-pad","projectNumber":"390770819378","displayName":"GOAT-pad","name":"projects/goat-pad","resources":{"hostingSite":"goat-pad","storageBucket":"goat-pad.appspot.com","locationId":"us-east1"},"state":"ACTIVE"}
[info] i  Using project goat-pad (GOAT-pad) 
[info] 
=== Hosting:github Setup
[info] 
[info] i  Detected a .git folder at /home/steve/code/grammerhub/goatpad 
[info] i  Authorizing with GitHub to upload your service account to a GitHub repository's secrets store. 
[info] 
[info] Visit this URL on this device to log in:
[info] https://github.com/login/oauth/authorize?client_id=89cf50f02ac6aaed3484&state=122901904&redirect_uri=http%3A%2F%2Flocalhost%3A9005&scope=read%3Auser%20repo%20public_repo
[info] 
[info] Waiting for authentication...
[debug] [2022-04-07T22:05:26.354Z] >>> HTTP REQUEST POST https://github.com/login/oauth/access_token  
 {"client_id":"89cf50f02ac6aaed3484","client_secret":"3330d14abc895d9a74d5f17cd7a00711fa2c5bf0","code":"6cca199de5cd439f7864","redirect_uri":"http://localhost:9005","state":"122901904"}
[debug] [2022-04-07T22:05:26.682Z] <<< HTTP RESPONSE 200 {"server":"GitHub.com","date":"Thu, 07 Apr 2022 22:05:34 GMT","content-type":"application/json; charset=utf-8","transfer-encoding":"chunked","vary":"X-PJAX, X-PJAX-Container, Accept-Encoding, Accept, X-Requested-With","permissions-policy":"interest-cohort=()","etag":"W/\"fe220344dd387a83809234ecd4b827c2\"","cache-control":"max-age=0, private, must-revalidate","strict-transport-security":"max-age=31536000; includeSubdomains; preload","x-frame-options":"deny","x-content-type-options":"nosniff","x-xss-protection":"0","referrer-policy":"origin-when-cross-origin, strict-origin-when-cross-origin","expect-ct":"max-age=2592000, report-uri=\"https://api.github.com/_private/browser/errors\"","content-security-policy":"default-src 'none'; base-uri 'self'; block-all-mixed-content; child-src github.com/assets-cdn/worker/ gist.github.com/assets-cdn/worker/; connect-src 'self' uploads.github.com objects-origin.githubusercontent.com www.githubstatus.com collector.github.com raw.githubusercontent.com api.github.com github-cloud.s3.amazonaws.com github-production-repository-file-5c1aeb.s3.amazonaws.com github-production-upload-manifest-file-7fdce7.s3.amazonaws.com github-production-user-asset-6210df.s3.amazonaws.com cdn.optimizely.com logx.optimizely.com/v1/events translator.github.com *.actions.githubusercontent.com wss://*.actions.githubusercontent.com online.visualstudio.com/api/v1/locations github-production-repository-image-32fea6.s3.amazonaws.com github-production-release-asset-2e65be.s3.amazonaws.com insights.github.com wss://alive.github.com; font-src github.githubassets.com; form-action 'self' github.com gist.github.com objects-origin.githubusercontent.com; frame-ancestors 'none'; frame-src render.githubusercontent.com viewscreen.githubusercontent.com notebooks.githubusercontent.com; img-src 'self' data: github.githubassets.com identicons.github.com github-cloud.s3.amazonaws.com secured-user-images.githubusercontent.com/ *.githubusercontent.com; manifest-src 'self'; media-src github.com user-images.githubusercontent.com/; script-src github.githubassets.com; style-src 'unsafe-inline' github.githubassets.com; worker-src github.com/assets-cdn/worker/ gist.github.com/assets-cdn/worker/","x-github-request-id":"F1B4:28C9:3CDECC:795B7F:624F602E"}
[debug] [2022-04-07T22:05:26.687Z] >>> [apiv2][query] GET https://api.github.com/user [none]
[debug] [2022-04-07T22:05:27.000Z] <<< [apiv2][status] GET https://api.github.com/user 200
[debug] [2022-04-07T22:05:27.000Z] <<< [apiv2][body] GET https://api.github.com/user {"login":"ssmodish","id":11675699,"node_id":"MDQ6VXNlcjExNjc1Njk5","avatar_url":"https://avatars.githubusercontent.com/u/11675699?v=4","gravatar_id":"","url":"https://api.github.com/users/ssmodish","html_url":"https://github.com/ssmodish","followers_url":"https://api.github.com/users/ssmodish/followers","following_url":"https://api.github.com/users/ssmodish/following{/other_user}","gists_url":"https://api.github.com/users/ssmodish/gists{/gist_id}","starred_url":"https://api.github.com/users/ssmodish/starred{/owner}{/repo}","subscriptions_url":"https://api.github.com/users/ssmodish/subscriptions","organizations_url":"https://api.github.com/users/ssmodish/orgs","repos_url":"https://api.github.com/users/ssmodish/repos","events_url":"https://api.github.com/users/ssmodish/events{/privacy}","received_events_url":"https://api.github.com/users/ssmodish/received_events","type":"User","site_admin":false,"name":"Steve Smodish","company":null,"blog":"","location":"Florida, USA","email":"stevesmodish@gmail.com","hireable":true,"bio":"Full Stack React/Node Developer","twitter_username":null,"public_repos":167,"public_gists":2,"followers":74,"following":162,"created_at":"2015-03-27T05:56:38Z","updated_at":"2022-04-04T03:51:32Z","private_gists":6,"total_private_repos":13,"owned_private_repos":12,"disk_usage":126949,"collaborators":0,"two_factor_authentication":true,"plan":{"name":"free","space":976562499,"collaborators":0,"private_repos":10000}}
[info] 
[info] ✔  Success! Logged into GitHub as ssmodish 
[info] 
